<?xml version="1.0" encoding="UTF-8"?>
<testsuite xmlns:xsi="http://www.w3.org/2001/XMLSchema-instance" xsi:noNamespaceSchemaLocation="https://maven.apache.org/surefire/maven-surefire-plugin/xsd/surefire-test-report-3.0.xsd" version="3.0" name="TestRunner.Run" time="28.673" tests="1" errors="0" skipped="0" failures="1">
  <properties>
[...]
</properties>
  <testcase name="runScenario[&quot;Successful Login with Valid Credentials&quot;, &quot;Login&quot;](1)" classname="TestRunner.Run" time="24.415">
    <failure message="element click intercepted: Element &lt;a class=&quot;nav-link&quot; href=&quot;/logout&quot;&gt;...&lt;/a&gt; is not clickable at point (904, 28). Other element would receive the click: &lt;div id=&quot;ajaxBusy&quot; style=&quot;display: block;&quot;&gt;...&lt;/div&gt;&#10;  (Session info: chrome=108.0.5359.125)&#10;Build info: version: &apos;4.2.1&apos;, revision: &apos;ac4d0fdd4a&apos;&#10;System info: host: &apos;DESKTOP-LJD799V&apos;, ip: &apos;192.168.0.108&apos;, os.name: &apos;Windows 10&apos;, os.arch: &apos;amd64&apos;, os.version: &apos;10.0&apos;, java.version: &apos;17.0.5&apos;&#10;Driver info: org.openqa.selenium.chrome.ChromeDriver&#10;Command: [83aed4b6ff2051dada5814a9a1f253cb, clickElement {id=dd6ff3dc-2680-42b6-8ad9-18dc9f6ffc51}]&#10;Capabilities {acceptInsecureCerts: false, browserName: chrome, browserVersion: 108.0.5359.125, chrome: {chromedriverVersion: 108.0.5359.71 (1e0e3868ee06..., userDataDir: C:\WINDOWS\TEMP\scoped_dir7...}, goog:chromeOptions: {debuggerAddress: localhost:54909}, networkConnectionEnabled: false, pageLoadStrategy: normal, platformName: WINDOWS, proxy: Proxy(), se:cdp: ws://localhost:54909/devtoo..., se:cdpVersion: 108.0.5359.125, setWindowRect: true, strictFileInteractability: false, timeouts: {implicit: 0, pageLoad: 300000, script: 30000}, unhandledPromptBehavior: dismiss and notify, webauthn:extension:credBlob: true, webauthn:extension:largeBlob: true, webauthn:virtualAuthenticators: true}&#10;Element: [[ChromeDriver: chrome on WINDOWS (83aed4b6ff2051dada5814a9a1f253cb)] -&gt; link text: Logout]&#10;Session ID: 83aed4b6ff2051dada5814a9a1f253cb" type="org.openqa.selenium.ElementClickInterceptedException"><![CDATA[org.openqa.selenium.ElementClickInterceptedException: 
element click intercepted: Element <a class="nav-link" href="/logout">...</a> is not clickable at point (904, 28). Other element would receive the click: <div id="ajaxBusy" style="display: block;">...</div>
  (Session info: chrome=108.0.5359.125)
Build info: version: '4.2.1', revision: 'ac4d0fdd4a'
System info: host: 'DESKTOP-LJD799V', ip: '192.168.0.108', os.name: 'Windows 10', os.arch: 'amd64', os.version: '10.0', java.version: '17.0.5'
Driver info: org.openqa.selenium.chrome.ChromeDriver
Command: [83aed4b6ff2051dada5814a9a1f253cb, clickElement {id=dd6ff3dc-2680-42b6-8ad9-18dc9f6ffc51}]
Capabilities {acceptInsecureCerts: false, browserName: chrome, browserVersion: 108.0.5359.125, chrome: {chromedriverVersion: 108.0.5359.71 (1e0e3868ee06..., userDataDir: C:\WINDOWS\TEMP\scoped_dir7...}, goog:chromeOptions: {debuggerAddress: localhost:54909}, networkConnectionEnabled: false, pageLoadStrategy: normal, platformName: WINDOWS, proxy: Proxy(), se:cdp: ws://localhost:54909/devtoo..., se:cdpVersion: 108.0.5359.125, setWindowRect: true, strictFileInteractability: false, timeouts: {implicit: 0, pageLoad: 300000, script: 30000}, unhandledPromptBehavior: dismiss and notify, webauthn:extension:credBlob: true, webauthn:extension:largeBlob: true, webauthn:virtualAuthenticators: true}
Element: [[ChromeDriver: chrome on WINDOWS (83aed4b6ff2051dada5814a9a1f253cb)] -> link text: Logout]
Session ID: 83aed4b6ff2051dada5814a9a1f253cb
	at java.base/jdk.internal.reflect.NativeConstructorAccessorImpl.newInstance0(Native Method)
	at java.base/jdk.internal.reflect.NativeConstructorAccessorImpl.newInstance(NativeConstructorAccessorImpl.java:77)
	at java.base/jdk.internal.reflect.DelegatingConstructorAccessorImpl.newInstance(DelegatingConstructorAccessorImpl.java:45)
	at java.base/java.lang.reflect.Constructor.newInstanceWithCaller(Constructor.java:499)
	at java.base/java.lang.reflect.Constructor.newInstance(Constructor.java:480)
	at org.openqa.selenium.remote.codec.w3c.W3CHttpResponseCodec.createException(W3CHttpResponseCodec.java:200)
	at org.openqa.selenium.remote.codec.w3c.W3CHttpResponseCodec.decode(W3CHttpResponseCodec.java:133)
	at org.openqa.selenium.remote.codec.w3c.W3CHttpResponseCodec.decode(W3CHttpResponseCodec.java:53)
	at org.openqa.selenium.remote.HttpCommandExecutor.execute(HttpCommandExecutor.java:184)
	at org.openqa.selenium.remote.service.DriverCommandExecutor.invokeExecute(DriverCommandExecutor.java:167)
	at org.openqa.selenium.remote.service.DriverCommandExecutor.execute(DriverCommandExecutor.java:142)
	at org.openqa.selenium.remote.RemoteWebDriver.execute(RemoteWebDriver.java:551)
	at org.openqa.selenium.remote.RemoteWebElement.execute(RemoteWebElement.java:257)
	at org.openqa.selenium.remote.RemoteWebElement.click(RemoteWebElement.java:78)
	at java.base/jdk.internal.reflect.NativeMethodAccessorImpl.invoke0(Native Method)
	at java.base/jdk.internal.reflect.NativeMethodAccessorImpl.invoke(NativeMethodAccessorImpl.java:77)
	at java.base/jdk.internal.reflect.DelegatingMethodAccessorImpl.invoke(DelegatingMethodAccessorImpl.java:43)
	at java.base/java.lang.reflect.Method.invoke(Method.java:568)
	at org.openqa.selenium.support.pagefactory.internal.LocatingElementHandler.invoke(LocatingElementHandler.java:52)
	at jdk.proxy2/jdk.proxy2.$Proxy29.click(Unknown Source)
	at PageObject.LoginPage.clickOnLogOutButton(LoginPage.java:47)
	at StepDefinition.StepDef.user_click_on_log_out_link(StepDef.java:126)
	at ✽.User click on Log out link(file:///C:/Users/hp/eclipse-workspace/CucumberFramework/./Features/LoginFeature.feature:10)
]]></failure>
    <system-out><![CDATA[Setup-Sanity method executed..
[DEBUG] Resolution chrome=108 in cache (valid until 15:59:45 04/01/2023 IST)
[DEBUG] Resolution chrome108=108.0.5359.71 in cache (valid until 14:59:45 05/01/2023 IST)
[INFO] Using chromedriver 108.0.5359.71 (resolved driver for Chrome 108)
[DEBUG] Driver chromedriver 108.0.5359.71 found in cache
[INFO] Exporting webdriver.chrome.driver as C:\WINDOWS\system32\config\systemprofile\.cache\selenium\chromedriver\win32\108.0.5359.71\chromedriver.exe
[DEBUG] Using SLF4J as the default logging framework
[DEBUG] -Dio.netty.leakDetection.level: simple
[DEBUG] -Dio.netty.leakDetection.targetRecords: 4
[DEBUG] Loaded default ResourceLeakDetector: io.netty.util.ResourceLeakDetector@765ffb14
[DEBUG] -Dio.netty.noUnsafe: false
[DEBUG] Java version: 17
[DEBUG] sun.misc.Unsafe.theUnsafe: available
[DEBUG] sun.misc.Unsafe.copyMemory: available
[DEBUG] sun.misc.Unsafe.storeFence: available
[DEBUG] java.nio.Buffer.address: available
[DEBUG] direct buffer constructor: unavailable: Reflective setAccessible(true) disabled
[DEBUG] java.nio.Bits.unaligned: available, true
[DEBUG] jdk.internal.misc.Unsafe.allocateUninitializedArray(int): unavailable: class io.netty.util.internal.PlatformDependent0$7 cannot access class jdk.internal.misc.Unsafe (in module java.base) because module java.base does not export jdk.internal.misc to unnamed module @2d928643
[DEBUG] java.nio.DirectByteBuffer.<init>(long, int): unavailable
[DEBUG] sun.misc.Unsafe: available
[DEBUG] maxDirectMemory: 2126512128 bytes (maybe)
[DEBUG] -Dio.netty.tmpdir: C:\WINDOWS\TEMP (java.io.tmpdir)
[DEBUG] -Dio.netty.bitMode: 64 (sun.arch.data.model)
[DEBUG] Platform: Windows
[DEBUG] -Dio.netty.maxDirectMemory: -1 bytes
[DEBUG] -Dio.netty.uninitializedArrayAllocationThreshold: -1
[DEBUG] java.nio.ByteBuffer.cleaner(): available
[DEBUG] -Dio.netty.noPreferDirect: false
[DEBUG] org.jctools-core.MpscChunkedArrayQueue: available
[DEBUG] -Dio.netty.threadLocalMap.stringBuilder.initialSize: 1024
[DEBUG] -Dio.netty.threadLocalMap.stringBuilder.maxSize: 4096
[DEBUG] Default protocols (JDK): [TLSv1.3, TLSv1.2] 
[DEBUG] Default cipher suites (JDK): [TLS_ECDHE_ECDSA_WITH_AES_256_GCM_SHA384, TLS_ECDHE_ECDSA_WITH_AES_128_GCM_SHA256, TLS_ECDHE_RSA_WITH_AES_128_GCM_SHA256, TLS_ECDHE_RSA_WITH_AES_256_GCM_SHA384, TLS_ECDHE_RSA_WITH_AES_128_CBC_SHA, TLS_ECDHE_RSA_WITH_AES_256_CBC_SHA, TLS_RSA_WITH_AES_128_GCM_SHA256, TLS_RSA_WITH_AES_128_CBC_SHA, TLS_RSA_WITH_AES_256_CBC_SHA, TLS_AES_128_GCM_SHA256, TLS_AES_256_GCM_SHA384]
[DEBUG] -Dio.netty.eventLoopThreads: 16
[DEBUG] -Dio.netty.noKeySetOptimization: false
[DEBUG] -Dio.netty.selectorAutoRebuildThreshold: 512
[DEBUG] -Dio.netty.allocator.numHeapArenas: 16
[DEBUG] -Dio.netty.allocator.numDirectArenas: 16
[DEBUG] -Dio.netty.allocator.pageSize: 8192
[DEBUG] -Dio.netty.allocator.maxOrder: 9
[DEBUG] -Dio.netty.allocator.chunkSize: 4194304
[DEBUG] -Dio.netty.allocator.smallCacheSize: 256
[DEBUG] -Dio.netty.allocator.normalCacheSize: 64
[DEBUG] -Dio.netty.allocator.maxCachedBufferCapacity: 32768
[DEBUG] -Dio.netty.allocator.cacheTrimInterval: 8192
[DEBUG] -Dio.netty.allocator.cacheTrimIntervalMillis: 0
[DEBUG] -Dio.netty.allocator.useCacheForAllThreads: false
[DEBUG] -Dio.netty.allocator.maxCachedByteBuffersPerChunk: 1023
[DEBUG] -Dio.netty.allocator.type: pooled
[DEBUG] -Dio.netty.threadLocalDirectBufferSize: 0
[DEBUG] -Dio.netty.maxThreadLocalCharBufferSize: 16384
[DEBUG] -Dio.netty.processId: 15736 (auto-detected)
[DEBUG] -Djava.net.preferIPv4Stack: false
[DEBUG] -Djava.net.preferIPv6Addresses: false
[DEBUG] Loopback interface: lo (Software Loopback Interface 1, 127.0.0.1)
[DEBUG] Failed to get SOMAXCONN from sysctl and file \proc\sys\net\core\somaxconn. Default: 200
[DEBUG] -Dio.netty.machineId: 9c:30:5b:ff:fe:3e:c0:67 (auto-detected)
[DEBUG] -Dio.netty.buffer.checkAccessible: true
[DEBUG] -Dio.netty.buffer.checkBounds: true
[DEBUG] Loaded default ResourceLeakDetector: io.netty.util.ResourceLeakDetector@845e64c
[DEBUG] Using new Channel '[id: 0x27e1be4b, L:/127.0.0.1:54908 - R:localhost/127.0.0.1:59452]' for 'POST' to '/session'
[DEBUG] -Dio.netty.recycler.maxCapacityPerThread: 4096
[DEBUG] -Dio.netty.recycler.ratio: 8
[DEBUG] -Dio.netty.recycler.chunkSize: 32
[DEBUG] -Dio.netty.recycler.blocking: false
[DEBUG] brotli4j not in the classpath; Brotli support will be unavailable.
[DEBUG] 

Request DefaultHttpRequest(decodeResult: success, version: HTTP/1.1)
POST /session HTTP/1.1
User-Agent: selenium/4.2.1 (java windows)
Content-Length: 365
Content-Type: application/json; charset=utf-8
host: localhost:59452
accept: */*

Response DefaultHttpResponse(decodeResult: success, version: HTTP/1.1)
HTTP/1.1 200 OK
Content-Type: application/json; charset=utf-8
cache-control: no-cache
content-length: 770

[DEBUG] Adding key: http://localhost:59452 for channel [id: 0x27e1be4b, L:/127.0.0.1:54908 - R:localhost/127.0.0.1:59452]
[DEBUG] Entry count for : http://localhost:59452 : 1
[DEBUG] Using new Channel '[id: 0x8bf42883, L:/127.0.0.1:54916 - R:localhost/127.0.0.1:54909]' for 'GET' to '/json/version'
[DEBUG] 

Request DefaultFullHttpRequest(decodeResult: success, version: HTTP/1.1, content: EmptyByteBufBE)
GET /json/version HTTP/1.1
User-Agent: selenium/4.2.1 (java windows)
host: localhost:54909
accept: */*

Response DefaultHttpResponse(decodeResult: success, version: HTTP/1.1)
HTTP/1.1 200 OK
Content-Type: application/json; charset=UTF-8
content-length: 424

[DEBUG] Adding key: http://localhost:54909 for channel [id: 0x8bf42883, L:/127.0.0.1:54916 - R:localhost/127.0.0.1:54909]
[DEBUG] -Dio.netty.initialSeedUniquifier: 0x08c9b40a75fdbda5
[DEBUG] Using new Channel '[id: 0x419991a8, L:/127.0.0.1:54917 - R:localhost/127.0.0.1:54909]' for 'GET' to '/devtools/browser/044a586a-3e49-4854-8aaf-c9cfb7dcfb06'
[DEBUG] 

Request DefaultFullHttpRequest(decodeResult: success, version: HTTP/1.1, content: EmptyByteBufBE)
GET /devtools/browser/044a586a-3e49-4854-8aaf-c9cfb7dcfb06 HTTP/1.1
upgrade: websocket
connection: upgrade
sec-websocket-key: OQulOgwAXDIAsIPOEImLYQ==
sec-websocket-version: 13
origin: http://localhost:54909
host: localhost:54909
accept: */*
user-agent: AHC/2.1

Response DefaultHttpResponse(decodeResult: success, version: HTTP/1.1)
HTTP/1.1 101 WebSocket Protocol Handshake
Upgrade: WebSocket
Connection: Upgrade
Sec-WebSocket-Accept: ErcxZBnKFRUYJVZDADizgkb2joE=

[DEBUG] Entry count for : http://localhost:59452 : 1
[DEBUG] Entry count for : http://localhost:54909 : 1
15:20:42.435 [main] FATAL StepDef - Setup executed...
[DEBUG] Using pooled Channel '[id: 0x27e1be4b, L:/127.0.0.1:54908 - R:localhost/127.0.0.1:59452]' for 'POST' to 'http://localhost:59452/session/83aed4b6ff2051dada5814a9a1f253cb/url'
[DEBUG] Using open Channel [id: 0x27e1be4b, L:/127.0.0.1:54908 - R:localhost/127.0.0.1:59452] for POST '/session/83aed4b6ff2051dada5814a9a1f253cb/url'
[DEBUG] Entry count for : http://localhost:54909 : 1
[DEBUG] Entry count for : http://localhost:54909 : 1
[DEBUG] Entry count for : http://localhost:54909 : 1
[DEBUG] 

Request DefaultHttpRequest(decodeResult: success, version: HTTP/1.1)
POST /session/83aed4b6ff2051dada5814a9a1f253cb/url HTTP/1.1
User-Agent: selenium/4.2.1 (java windows)
Content-Length: 69
Content-Type: application/json; charset=utf-8
host: localhost:59452
accept: */*

Response DefaultHttpResponse(decodeResult: success, version: HTTP/1.1)
HTTP/1.1 200 OK
Content-Type: application/json; charset=utf-8
cache-control: no-cache
content-length: 14

[DEBUG] Adding key: http://localhost:59452 for channel [id: 0x27e1be4b, L:/127.0.0.1:54908 - R:localhost/127.0.0.1:59452]
[DEBUG] Using pooled Channel '[id: 0x27e1be4b, L:/127.0.0.1:54908 - R:localhost/127.0.0.1:59452]' for 'POST' to 'http://localhost:59452/session/83aed4b6ff2051dada5814a9a1f253cb/window/maximize'
[DEBUG] Using open Channel [id: 0x27e1be4b, L:/127.0.0.1:54908 - R:localhost/127.0.0.1:59452] for POST '/session/83aed4b6ff2051dada5814a9a1f253cb/window/maximize'
[DEBUG] 

Request DefaultHttpRequest(decodeResult: success, version: HTTP/1.1)
POST /session/83aed4b6ff2051dada5814a9a1f253cb/window/maximize HTTP/1.1
User-Agent: selenium/4.2.1 (java windows)
Content-Length: 3
Content-Type: application/json; charset=utf-8
host: localhost:59452
accept: */*

Response DefaultHttpResponse(decodeResult: success, version: HTTP/1.1)
HTTP/1.1 200 OK
Content-Type: application/json; charset=utf-8
cache-control: no-cache
content-length: 51

[DEBUG] Adding key: http://localhost:59452 for channel [id: 0x27e1be4b, L:/127.0.0.1:54908 - R:localhost/127.0.0.1:59452]
[DEBUG] Using pooled Channel '[id: 0x27e1be4b, L:/127.0.0.1:54908 - R:localhost/127.0.0.1:59452]' for 'POST' to 'http://localhost:59452/session/83aed4b6ff2051dada5814a9a1f253cb/element'
[DEBUG] Using open Channel [id: 0x27e1be4b, L:/127.0.0.1:54908 - R:localhost/127.0.0.1:59452] for POST '/session/83aed4b6ff2051dada5814a9a1f253cb/element'
[DEBUG] 

Request DefaultHttpRequest(decodeResult: success, version: HTTP/1.1)
POST /session/83aed4b6ff2051dada5814a9a1f253cb/element HTTP/1.1
User-Agent: selenium/4.2.1 (java windows)
Content-Length: 50
Content-Type: application/json; charset=utf-8
host: localhost:59452
accept: */*

Response DefaultHttpResponse(decodeResult: success, version: HTTP/1.1)
HTTP/1.1 200 OK
Content-Type: application/json; charset=utf-8
cache-control: no-cache
content-length: 88

[DEBUG] Adding key: http://localhost:59452 for channel [id: 0x27e1be4b, L:/127.0.0.1:54908 - R:localhost/127.0.0.1:59452]
[DEBUG] Using pooled Channel '[id: 0x27e1be4b, L:/127.0.0.1:54908 - R:localhost/127.0.0.1:59452]' for 'POST' to 'http://localhost:59452/session/83aed4b6ff2051dada5814a9a1f253cb/element/abeaef8f-5776-450a-adc1-630eafac2d22/clear'
[DEBUG] Using open Channel [id: 0x27e1be4b, L:/127.0.0.1:54908 - R:localhost/127.0.0.1:59452] for POST '/session/83aed4b6ff2051dada5814a9a1f253cb/element/abeaef8f-5776-450a-adc1-630eafac2d22/clear'
[DEBUG] 

Request DefaultHttpRequest(decodeResult: success, version: HTTP/1.1)
POST /session/83aed4b6ff2051dada5814a9a1f253cb/element/abeaef8f-5776-450a-adc1-630eafac2d22/clear HTTP/1.1
User-Agent: selenium/4.2.1 (java windows)
Content-Length: 50
Content-Type: application/json; charset=utf-8
host: localhost:59452
accept: */*

Response DefaultHttpResponse(decodeResult: success, version: HTTP/1.1)
HTTP/1.1 200 OK
Content-Type: application/json; charset=utf-8
cache-control: no-cache
content-length: 14

[DEBUG] Adding key: http://localhost:59452 for channel [id: 0x27e1be4b, L:/127.0.0.1:54908 - R:localhost/127.0.0.1:59452]
[DEBUG] Using pooled Channel '[id: 0x27e1be4b, L:/127.0.0.1:54908 - R:localhost/127.0.0.1:59452]' for 'POST' to 'http://localhost:59452/session/83aed4b6ff2051dada5814a9a1f253cb/element'
[DEBUG] Using open Channel [id: 0x27e1be4b, L:/127.0.0.1:54908 - R:localhost/127.0.0.1:59452] for POST '/session/83aed4b6ff2051dada5814a9a1f253cb/element'
[DEBUG] 

Request DefaultHttpRequest(decodeResult: success, version: HTTP/1.1)
POST /session/83aed4b6ff2051dada5814a9a1f253cb/element HTTP/1.1
User-Agent: selenium/4.2.1 (java windows)
Content-Length: 50
Content-Type: application/json; charset=utf-8
host: localhost:59452
accept: */*

Response DefaultHttpResponse(decodeResult: success, version: HTTP/1.1)
HTTP/1.1 200 OK
Content-Type: application/json; charset=utf-8
cache-control: no-cache
content-length: 88

[DEBUG] Adding key: http://localhost:59452 for channel [id: 0x27e1be4b, L:/127.0.0.1:54908 - R:localhost/127.0.0.1:59452]
[DEBUG] Using pooled Channel '[id: 0x27e1be4b, L:/127.0.0.1:54908 - R:localhost/127.0.0.1:59452]' for 'POST' to 'http://localhost:59452/session/83aed4b6ff2051dada5814a9a1f253cb/element/abeaef8f-5776-450a-adc1-630eafac2d22/value'
[DEBUG] Using open Channel [id: 0x27e1be4b, L:/127.0.0.1:54908 - R:localhost/127.0.0.1:59452] for POST '/session/83aed4b6ff2051dada5814a9a1f253cb/element/abeaef8f-5776-450a-adc1-630eafac2d22/value'
[DEBUG] 

Request DefaultHttpRequest(decodeResult: success, version: HTTP/1.1)
POST /session/83aed4b6ff2051dada5814a9a1f253cb/element/abeaef8f-5776-450a-adc1-630eafac2d22/value HTTP/1.1
User-Agent: selenium/4.2.1 (java windows)
Content-Length: 271
Content-Type: application/json; charset=utf-8
host: localhost:59452
accept: */*

Response DefaultHttpResponse(decodeResult: success, version: HTTP/1.1)
HTTP/1.1 200 OK
Content-Type: application/json; charset=utf-8
cache-control: no-cache
content-length: 14

[DEBUG] Adding key: http://localhost:59452 for channel [id: 0x27e1be4b, L:/127.0.0.1:54908 - R:localhost/127.0.0.1:59452]
[DEBUG] Using pooled Channel '[id: 0x27e1be4b, L:/127.0.0.1:54908 - R:localhost/127.0.0.1:59452]' for 'POST' to 'http://localhost:59452/session/83aed4b6ff2051dada5814a9a1f253cb/element'
[DEBUG] Using open Channel [id: 0x27e1be4b, L:/127.0.0.1:54908 - R:localhost/127.0.0.1:59452] for POST '/session/83aed4b6ff2051dada5814a9a1f253cb/element'
[DEBUG] 

Request DefaultHttpRequest(decodeResult: success, version: HTTP/1.1)
POST /session/83aed4b6ff2051dada5814a9a1f253cb/element HTTP/1.1
User-Agent: selenium/4.2.1 (java windows)
Content-Length: 53
Content-Type: application/json; charset=utf-8
host: localhost:59452
accept: */*

Response DefaultHttpResponse(decodeResult: success, version: HTTP/1.1)
HTTP/1.1 200 OK
Content-Type: application/json; charset=utf-8
cache-control: no-cache
content-length: 88

[DEBUG] Adding key: http://localhost:59452 for channel [id: 0x27e1be4b, L:/127.0.0.1:54908 - R:localhost/127.0.0.1:59452]
[DEBUG] Using pooled Channel '[id: 0x27e1be4b, L:/127.0.0.1:54908 - R:localhost/127.0.0.1:59452]' for 'POST' to 'http://localhost:59452/session/83aed4b6ff2051dada5814a9a1f253cb/element/2b4e3cdb-37b4-4587-a88c-11568ad3b9fa/clear'
[DEBUG] Using open Channel [id: 0x27e1be4b, L:/127.0.0.1:54908 - R:localhost/127.0.0.1:59452] for POST '/session/83aed4b6ff2051dada5814a9a1f253cb/element/2b4e3cdb-37b4-4587-a88c-11568ad3b9fa/clear'
[DEBUG] 

Request DefaultHttpRequest(decodeResult: success, version: HTTP/1.1)
POST /session/83aed4b6ff2051dada5814a9a1f253cb/element/2b4e3cdb-37b4-4587-a88c-11568ad3b9fa/clear HTTP/1.1
User-Agent: selenium/4.2.1 (java windows)
Content-Length: 50
Content-Type: application/json; charset=utf-8
host: localhost:59452
accept: */*

Response DefaultHttpResponse(decodeResult: success, version: HTTP/1.1)
HTTP/1.1 200 OK
Content-Type: application/json; charset=utf-8
cache-control: no-cache
content-length: 14

[DEBUG] Adding key: http://localhost:59452 for channel [id: 0x27e1be4b, L:/127.0.0.1:54908 - R:localhost/127.0.0.1:59452]
[DEBUG] Using pooled Channel '[id: 0x27e1be4b, L:/127.0.0.1:54908 - R:localhost/127.0.0.1:59452]' for 'POST' to 'http://localhost:59452/session/83aed4b6ff2051dada5814a9a1f253cb/element'
[DEBUG] Using open Channel [id: 0x27e1be4b, L:/127.0.0.1:54908 - R:localhost/127.0.0.1:59452] for POST '/session/83aed4b6ff2051dada5814a9a1f253cb/element'
[DEBUG] 

Request DefaultHttpRequest(decodeResult: success, version: HTTP/1.1)
POST /session/83aed4b6ff2051dada5814a9a1f253cb/element HTTP/1.1
User-Agent: selenium/4.2.1 (java windows)
Content-Length: 53
Content-Type: application/json; charset=utf-8
host: localhost:59452
accept: */*

Response DefaultHttpResponse(decodeResult: success, version: HTTP/1.1)
HTTP/1.1 200 OK
Content-Type: application/json; charset=utf-8
cache-control: no-cache
content-length: 88

[DEBUG] Adding key: http://localhost:59452 for channel [id: 0x27e1be4b, L:/127.0.0.1:54908 - R:localhost/127.0.0.1:59452]
[DEBUG] Using pooled Channel '[id: 0x27e1be4b, L:/127.0.0.1:54908 - R:localhost/127.0.0.1:59452]' for 'POST' to 'http://localhost:59452/session/83aed4b6ff2051dada5814a9a1f253cb/element/2b4e3cdb-37b4-4587-a88c-11568ad3b9fa/value'
[DEBUG] Using open Channel [id: 0x27e1be4b, L:/127.0.0.1:54908 - R:localhost/127.0.0.1:59452] for POST '/session/83aed4b6ff2051dada5814a9a1f253cb/element/2b4e3cdb-37b4-4587-a88c-11568ad3b9fa/value'
[DEBUG] 

Request DefaultHttpRequest(decodeResult: success, version: HTTP/1.1)
POST /session/83aed4b6ff2051dada5814a9a1f253cb/element/2b4e3cdb-37b4-4587-a88c-11568ad3b9fa/value HTTP/1.1
User-Agent: selenium/4.2.1 (java windows)
Content-Length: 131
Content-Type: application/json; charset=utf-8
host: localhost:59452
accept: */*

Response DefaultHttpResponse(decodeResult: success, version: HTTP/1.1)
HTTP/1.1 200 OK
Content-Type: application/json; charset=utf-8
cache-control: no-cache
content-length: 14

[DEBUG] Adding key: http://localhost:59452 for channel [id: 0x27e1be4b, L:/127.0.0.1:54908 - R:localhost/127.0.0.1:59452]
[DEBUG] Using pooled Channel '[id: 0x27e1be4b, L:/127.0.0.1:54908 - R:localhost/127.0.0.1:59452]' for 'POST' to 'http://localhost:59452/session/83aed4b6ff2051dada5814a9a1f253cb/element'
[DEBUG] Using open Channel [id: 0x27e1be4b, L:/127.0.0.1:54908 - R:localhost/127.0.0.1:59452] for POST '/session/83aed4b6ff2051dada5814a9a1f253cb/element'
[DEBUG] Entry count for : http://localhost:54909 : 1
[DEBUG] 

Request DefaultHttpRequest(decodeResult: success, version: HTTP/1.1)
POST /session/83aed4b6ff2051dada5814a9a1f253cb/element HTTP/1.1
User-Agent: selenium/4.2.1 (java windows)
Content-Length: 87
Content-Type: application/json; charset=utf-8
host: localhost:59452
accept: */*

Response DefaultHttpResponse(decodeResult: success, version: HTTP/1.1)
HTTP/1.1 200 OK
Content-Type: application/json; charset=utf-8
cache-control: no-cache
content-length: 88

[DEBUG] Adding key: http://localhost:59452 for channel [id: 0x27e1be4b, L:/127.0.0.1:54908 - R:localhost/127.0.0.1:59452]
[DEBUG] Using pooled Channel '[id: 0x27e1be4b, L:/127.0.0.1:54908 - R:localhost/127.0.0.1:59452]' for 'POST' to 'http://localhost:59452/session/83aed4b6ff2051dada5814a9a1f253cb/element/c3461a51-edf1-4e16-9d41-559d365f9071/click'
[DEBUG] Using open Channel [id: 0x27e1be4b, L:/127.0.0.1:54908 - R:localhost/127.0.0.1:59452] for POST '/session/83aed4b6ff2051dada5814a9a1f253cb/element/c3461a51-edf1-4e16-9d41-559d365f9071/click'
[DEBUG] Entry count for : http://localhost:54909 : 1
[DEBUG] Entry count for : http://localhost:54909 : 1
[DEBUG] Entry count for : http://localhost:54909 : 1
[DEBUG] Entry count for : http://localhost:54909 : 1
[DEBUG] Entry count for : http://localhost:54909 : 1
[DEBUG] 

Request DefaultHttpRequest(decodeResult: success, version: HTTP/1.1)
POST /session/83aed4b6ff2051dada5814a9a1f253cb/element/c3461a51-edf1-4e16-9d41-559d365f9071/click HTTP/1.1
User-Agent: selenium/4.2.1 (java windows)
Content-Length: 50
Content-Type: application/json; charset=utf-8
host: localhost:59452
accept: */*

Response DefaultHttpResponse(decodeResult: success, version: HTTP/1.1)
HTTP/1.1 200 OK
Content-Type: application/json; charset=utf-8
cache-control: no-cache
content-length: 14

[DEBUG] Adding key: http://localhost:59452 for channel [id: 0x27e1be4b, L:/127.0.0.1:54908 - R:localhost/127.0.0.1:59452]
[DEBUG] Using pooled Channel '[id: 0x27e1be4b, L:/127.0.0.1:54908 - R:localhost/127.0.0.1:59452]' for 'GET' to 'http://localhost:59452/session/83aed4b6ff2051dada5814a9a1f253cb/title'
[DEBUG] Using open Channel [id: 0x27e1be4b, L:/127.0.0.1:54908 - R:localhost/127.0.0.1:59452] for GET '/session/83aed4b6ff2051dada5814a9a1f253cb/title'
[DEBUG] 

Request DefaultFullHttpRequest(decodeResult: success, version: HTTP/1.1, content: EmptyByteBufBE)
GET /session/83aed4b6ff2051dada5814a9a1f253cb/title HTTP/1.1
User-Agent: selenium/4.2.1 (java windows)
Cache-Control: no-cache
Content-Type: application/json; charset=utf-8
host: localhost:59452
accept: */*

Response DefaultHttpResponse(decodeResult: success, version: HTTP/1.1)
HTTP/1.1 200 OK
Content-Type: application/json; charset=utf-8
cache-control: no-cache
content-length: 50

[DEBUG] Adding key: http://localhost:59452 for channel [id: 0x27e1be4b, L:/127.0.0.1:54908 - R:localhost/127.0.0.1:59452]
[DEBUG] Using pooled Channel '[id: 0x27e1be4b, L:/127.0.0.1:54908 - R:localhost/127.0.0.1:59452]' for 'POST' to 'http://localhost:59452/session/83aed4b6ff2051dada5814a9a1f253cb/element'
[DEBUG] Using open Channel [id: 0x27e1be4b, L:/127.0.0.1:54908 - R:localhost/127.0.0.1:59452] for POST '/session/83aed4b6ff2051dada5814a9a1f253cb/element'
[DEBUG] 

Request DefaultHttpRequest(decodeResult: success, version: HTTP/1.1)
POST /session/83aed4b6ff2051dada5814a9a1f253cb/element HTTP/1.1
User-Agent: selenium/4.2.1 (java windows)
Content-Length: 47
Content-Type: application/json; charset=utf-8
host: localhost:59452
accept: */*

Response DefaultHttpResponse(decodeResult: success, version: HTTP/1.1)
HTTP/1.1 200 OK
Content-Type: application/json; charset=utf-8
cache-control: no-cache
content-length: 88

[DEBUG] Adding key: http://localhost:59452 for channel [id: 0x27e1be4b, L:/127.0.0.1:54908 - R:localhost/127.0.0.1:59452]
[DEBUG] Using pooled Channel '[id: 0x27e1be4b, L:/127.0.0.1:54908 - R:localhost/127.0.0.1:59452]' for 'POST' to 'http://localhost:59452/session/83aed4b6ff2051dada5814a9a1f253cb/element/dd6ff3dc-2680-42b6-8ad9-18dc9f6ffc51/click'
[DEBUG] Using open Channel [id: 0x27e1be4b, L:/127.0.0.1:54908 - R:localhost/127.0.0.1:59452] for POST '/session/83aed4b6ff2051dada5814a9a1f253cb/element/dd6ff3dc-2680-42b6-8ad9-18dc9f6ffc51/click'
[DEBUG] Entry count for : http://localhost:54909 : 1
[DEBUG] 

Request DefaultHttpRequest(decodeResult: success, version: HTTP/1.1)
POST /session/83aed4b6ff2051dada5814a9a1f253cb/element/dd6ff3dc-2680-42b6-8ad9-18dc9f6ffc51/click HTTP/1.1
User-Agent: selenium/4.2.1 (java windows)
Content-Length: 50
Content-Type: application/json; charset=utf-8
host: localhost:59452
accept: */*

Response DefaultHttpResponse(decodeResult: success, version: HTTP/1.1)
HTTP/1.1 400 Bad Request
Content-Type: application/json; charset=utf-8
cache-control: no-cache
content-length: 1208

[DEBUG] Adding key: http://localhost:59452 for channel [id: 0x27e1be4b, L:/127.0.0.1:54908 - R:localhost/127.0.0.1:59452]
Tear Down method executed..
[DEBUG] Using pooled Channel '[id: 0x27e1be4b, L:/127.0.0.1:54908 - R:localhost/127.0.0.1:59452]' for 'GET' to 'http://localhost:59452/session/83aed4b6ff2051dada5814a9a1f253cb/screenshot'
[DEBUG] Using open Channel [id: 0x27e1be4b, L:/127.0.0.1:54908 - R:localhost/127.0.0.1:59452] for GET '/session/83aed4b6ff2051dada5814a9a1f253cb/screenshot'
[DEBUG] 

Request DefaultFullHttpRequest(decodeResult: success, version: HTTP/1.1, content: EmptyByteBufBE)
GET /session/83aed4b6ff2051dada5814a9a1f253cb/screenshot HTTP/1.1
User-Agent: selenium/4.2.1 (java windows)
Cache-Control: no-cache
Content-Type: application/json; charset=utf-8
host: localhost:59452
accept: */*

Response DefaultHttpResponse(decodeResult: success, version: HTTP/1.1)
HTTP/1.1 200 OK
Content-Type: application/json; charset=utf-8
cache-control: no-cache
content-length: 136104

[DEBUG] Adding key: http://localhost:59452 for channel [id: 0x27e1be4b, L:/127.0.0.1:54908 - R:localhost/127.0.0.1:59452]
[DEBUG] Using pooled Channel '[id: 0x27e1be4b, L:/127.0.0.1:54908 - R:localhost/127.0.0.1:59452]' for 'DELETE' to 'http://localhost:59452/session/83aed4b6ff2051dada5814a9a1f253cb'
[DEBUG] Using open Channel [id: 0x27e1be4b, L:/127.0.0.1:54908 - R:localhost/127.0.0.1:59452] for DELETE '/session/83aed4b6ff2051dada5814a9a1f253cb'
[DEBUG] Unexpected I/O exception on channel [id: 0x8bf42883, L:/127.0.0.1:54916 - R:localhost/127.0.0.1:54909]
java.net.SocketException: Connection reset
	at java.base/sun.nio.ch.SocketChannelImpl.throwConnectionReset(SocketChannelImpl.java:394) ~[na:na]
	at java.base/sun.nio.ch.SocketChannelImpl.read(SocketChannelImpl.java:426) ~[na:na]
	at io.netty.buffer.PooledByteBuf.setBytes(PooledByteBuf.java:258) ~[netty-buffer-4.1.77.Final.jar:4.1.77.Final]
	at io.netty.buffer.AbstractByteBuf.writeBytes(AbstractByteBuf.java:1132) ~[netty-buffer-4.1.77.Final.jar:4.1.77.Final]
	at io.netty.channel.socket.nio.NioSocketChannel.doReadBytes(NioSocketChannel.java:357) ~[netty-transport-4.1.77.Final.jar:4.1.77.Final]
	at io.netty.channel.nio.AbstractNioByteChannel$NioByteUnsafe.read(AbstractNioByteChannel.java:151) ~[netty-transport-4.1.77.Final.jar:4.1.77.Final]
	at io.netty.channel.nio.NioEventLoop.processSelectedKey(NioEventLoop.java:722) ~[netty-transport-4.1.77.Final.jar:4.1.77.Final]
	at io.netty.channel.nio.NioEventLoop.processSelectedKeysOptimized(NioEventLoop.java:658) ~[netty-transport-4.1.77.Final.jar:4.1.77.Final]
	at io.netty.channel.nio.NioEventLoop.processSelectedKeys(NioEventLoop.java:584) ~[netty-transport-4.1.77.Final.jar:4.1.77.Final]
	at io.netty.channel.nio.NioEventLoop.run(NioEventLoop.java:496) ~[netty-transport-4.1.77.Final.jar:4.1.77.Final]
	at io.netty.util.concurrent.SingleThreadEventExecutor$4.run(SingleThreadEventExecutor.java:995) ~[netty-common-4.1.77.Final.jar:4.1.77.Final]
	at io.netty.util.internal.ThreadExecutorMap$2.run(ThreadExecutorMap.java:74) ~[netty-common-4.1.77.Final.jar:4.1.77.Final]
	at io.netty.util.concurrent.FastThreadLocalRunnable.run(FastThreadLocalRunnable.java:30) ~[netty-common-4.1.77.Final.jar:4.1.77.Final]
	at java.base/java.lang.Thread.run(Thread.java:833) ~[na:na]
[DEBUG] Unexpected I/O exception on channel [id: 0x419991a8, L:/127.0.0.1:54917 - R:localhost/127.0.0.1:54909]
java.net.SocketException: Connection reset
	at java.base/sun.nio.ch.SocketChannelImpl.throwConnectionReset(SocketChannelImpl.java:394) ~[na:na]
	at java.base/sun.nio.ch.SocketChannelImpl.read(SocketChannelImpl.java:426) ~[na:na]
	at io.netty.buffer.PooledByteBuf.setBytes(PooledByteBuf.java:258) ~[netty-buffer-4.1.77.Final.jar:4.1.77.Final]
	at io.netty.buffer.AbstractByteBuf.writeBytes(AbstractByteBuf.java:1132) ~[netty-buffer-4.1.77.Final.jar:4.1.77.Final]
	at io.netty.channel.socket.nio.NioSocketChannel.doReadBytes(NioSocketChannel.java:357) ~[netty-transport-4.1.77.Final.jar:4.1.77.Final]
	at io.netty.channel.nio.AbstractNioByteChannel$NioByteUnsafe.read(AbstractNioByteChannel.java:151) ~[netty-transport-4.1.77.Final.jar:4.1.77.Final]
	at io.netty.channel.nio.NioEventLoop.processSelectedKey(NioEventLoop.java:722) ~[netty-transport-4.1.77.Final.jar:4.1.77.Final]
	at io.netty.channel.nio.NioEventLoop.processSelectedKeysOptimized(NioEventLoop.java:658) ~[netty-transport-4.1.77.Final.jar:4.1.77.Final]
	at io.netty.channel.nio.NioEventLoop.processSelectedKeys(NioEventLoop.java:584) ~[netty-transport-4.1.77.Final.jar:4.1.77.Final]
	at io.netty.channel.nio.NioEventLoop.run(NioEventLoop.java:496) ~[netty-transport-4.1.77.Final.jar:4.1.77.Final]
	at io.netty.util.concurrent.SingleThreadEventExecutor$4.run(SingleThreadEventExecutor.java:995) ~[netty-common-4.1.77.Final.jar:4.1.77.Final]
	at io.netty.util.internal.ThreadExecutorMap$2.run(ThreadExecutorMap.java:74) ~[netty-common-4.1.77.Final.jar:4.1.77.Final]
	at io.netty.util.concurrent.FastThreadLocalRunnable.run(FastThreadLocalRunnable.java:30) ~[netty-common-4.1.77.Final.jar:4.1.77.Final]
	at java.base/java.lang.Thread.run(Thread.java:833) ~[na:na]
[DEBUG] Closing Channel [id: 0x8bf42883, L:/127.0.0.1:54916 - R:localhost/127.0.0.1:54909] 
[DEBUG] Was unable to recover Future: NettyResponseFuture{currentRetry=0,
	isDone=1,
	isCancelled=0,
	asyncHandler=org.asynchttpclient.ws.WebSocketUpgradeHandler@3a7b1b97,
	nettyRequest=org.asynchttpclient.netty.request.NettyRequest@10672be9,
	future=java.util.concurrent.CompletableFuture@60a33a77[Completed normally],
	uri=ws://localhost:54909/devtools/browser/044a586a-3e49-4854-8aaf-c9cfb7dcfb06,
	keepAlive=true,
	redirectCount=0,
	timeoutsHolder=null,
	inAuth=0,
	touch=1672825853720}
[DEBUG] Closing Channel [id: 0x419991a8, L:/127.0.0.1:54917 - R:localhost/127.0.0.1:54909] 
[WARN] onError
java.net.SocketException: Connection reset
	at java.base/sun.nio.ch.SocketChannelImpl.throwConnectionReset(SocketChannelImpl.java:394) ~[na:na]
	at java.base/sun.nio.ch.SocketChannelImpl.read(SocketChannelImpl.java:426) ~[na:na]
	at io.netty.buffer.PooledByteBuf.setBytes(PooledByteBuf.java:258) ~[netty-buffer-4.1.77.Final.jar:4.1.77.Final]
	at io.netty.buffer.AbstractByteBuf.writeBytes(AbstractByteBuf.java:1132) ~[netty-buffer-4.1.77.Final.jar:4.1.77.Final]
	at io.netty.channel.socket.nio.NioSocketChannel.doReadBytes(NioSocketChannel.java:357) ~[netty-transport-4.1.77.Final.jar:4.1.77.Final]
	at io.netty.channel.nio.AbstractNioByteChannel$NioByteUnsafe.read(AbstractNioByteChannel.java:151) ~[netty-transport-4.1.77.Final.jar:4.1.77.Final]
	at io.netty.channel.nio.NioEventLoop.processSelectedKey(NioEventLoop.java:722) ~[netty-transport-4.1.77.Final.jar:4.1.77.Final]
	at io.netty.channel.nio.NioEventLoop.processSelectedKeysOptimized(NioEventLoop.java:658) ~[netty-transport-4.1.77.Final.jar:4.1.77.Final]
	at io.netty.channel.nio.NioEventLoop.processSelectedKeys(NioEventLoop.java:584) ~[netty-transport-4.1.77.Final.jar:4.1.77.Final]
	at io.netty.channel.nio.NioEventLoop.run(NioEventLoop.java:496) ~[netty-transport-4.1.77.Final.jar:4.1.77.Final]
	at io.netty.util.concurrent.SingleThreadEventExecutor$4.run(SingleThreadEventExecutor.java:995) ~[netty-common-4.1.77.Final.jar:4.1.77.Final]
	at io.netty.util.internal.ThreadExecutorMap$2.run(ThreadExecutorMap.java:74) ~[netty-common-4.1.77.Final.jar:4.1.77.Final]
	at io.netty.util.concurrent.FastThreadLocalRunnable.run(FastThreadLocalRunnable.java:30) ~[netty-common-4.1.77.Final.jar:4.1.77.Final]
	at java.base/java.lang.Thread.run(Thread.java:833) ~[na:na]
[DEBUG] Closing Channel [id: 0x419991a8, L:/127.0.0.1:54917 ! R:localhost/127.0.0.1:54909] 
[DEBUG] 

Request DefaultFullHttpRequest(decodeResult: success, version: HTTP/1.1, content: EmptyByteBufBE)
DELETE /session/83aed4b6ff2051dada5814a9a1f253cb HTTP/1.1
User-Agent: selenium/4.2.1 (java windows)
Content-Type: application/json; charset=utf-8
host: localhost:59452
accept: */*

Response DefaultHttpResponse(decodeResult: success, version: HTTP/1.1)
HTTP/1.1 200 OK
Content-Type: application/json; charset=utf-8
cache-control: no-cache
content-length: 14

[DEBUG] Adding key: http://localhost:59452 for channel [id: 0x27e1be4b, L:/127.0.0.1:54908 - R:localhost/127.0.0.1:59452]
[DEBUG] Channel Closed: [id: 0x27e1be4b, L:/127.0.0.1:54908 ! R:localhost/127.0.0.1:59452] with attribute DISCARD
[DEBUG] Channel Closed: [id: 0x419991a8, L:/127.0.0.1:54917 ! R:localhost/127.0.0.1:54909] with attribute DISCARD
[DEBUG] Channel Closed: [id: 0x8bf42883, L:/127.0.0.1:54916 ! R:localhost/127.0.0.1:54909] with attribute DISCARD
]]></system-out>
    <system-err><![CDATA[Starting ChromeDriver 108.0.5359.71 (1e0e3868ee06e91ad636a874420e3ca3ae3756ac-refs/branch-heads/5359@{#1016}) on port 59452
Only local connections are allowed.
Please see https://chromedriver.chromium.org/security-considerations for suggestions on keeping ChromeDriver safe.
ChromeDriver was started successfully.
Jan 04, 2023 3:20:41 PM org.openqa.selenium.remote.ProtocolHandshake createSession
INFO: Detected upstream dialect: W3C
Jan 04, 2023 3:20:42 PM org.openqa.selenium.devtools.CdpVersionFinder findNearestMatch
WARNING: Unable to find an exact match for CDP version 108, so returning the closest version found: a no-op implementation
Jan 04, 2023 3:20:42 PM org.openqa.selenium.devtools.CdpVersionFinder findNearestMatch
INFO: Unable to find CDP implementation matching 108.
Jan 04, 2023 3:20:42 PM org.openqa.selenium.chromium.ChromiumDriver lambda$new$3
WARNING: Unable to find version of CDP to use for . You may need to include a dependency on a specific version of the CDP using something similar to `org.seleniumhq.selenium:selenium-devtools-v86:4.2.1` where the version ("v86") matches the version of the chromium-based browser you're using and the version number of the artifact is the same as Selenium's.
Jan 04, 2023 3:20:53 PM org.openqa.selenium.remote.http.WebSocket$Listener onError
WARNING: Connection reset
java.net.SocketException: Connection reset
	at java.base/sun.nio.ch.SocketChannelImpl.throwConnectionReset(SocketChannelImpl.java:394)
	at java.base/sun.nio.ch.SocketChannelImpl.read(SocketChannelImpl.java:426)
	at io.netty.buffer.PooledByteBuf.setBytes(PooledByteBuf.java:258)
	at io.netty.buffer.AbstractByteBuf.writeBytes(AbstractByteBuf.java:1132)
	at io.netty.channel.socket.nio.NioSocketChannel.doReadBytes(NioSocketChannel.java:357)
	at io.netty.channel.nio.AbstractNioByteChannel$NioByteUnsafe.read(AbstractNioByteChannel.java:151)
	at io.netty.channel.nio.NioEventLoop.processSelectedKey(NioEventLoop.java:722)
	at io.netty.channel.nio.NioEventLoop.processSelectedKeysOptimized(NioEventLoop.java:658)
	at io.netty.channel.nio.NioEventLoop.processSelectedKeys(NioEventLoop.java:584)
	at io.netty.channel.nio.NioEventLoop.run(NioEventLoop.java:496)
	at io.netty.util.concurrent.SingleThreadEventExecutor$4.run(SingleThreadEventExecutor.java:995)
	at io.netty.util.internal.ThreadExecutorMap$2.run(ThreadExecutorMap.java:74)
	at io.netty.util.concurrent.FastThreadLocalRunnable.run(FastThreadLocalRunnable.java:30)
	at java.base/java.lang.Thread.run(Thread.java:833)

]]></system-err>
  </testcase>
</testsuite>